<?xml version="1.0" encoding="utf-8"?><testsuites><testsuite name="pytest" errors="0" failures="0" skipped="1" tests="120" time="79.741" timestamp="2026-06-03T22:16:05.199634+03:00" hostname="XANFADE"><testcase classname="tests.test_audit_sprint5" name="test_audit_log_detects_tampering" time="0.086" /><testcase classname="tests.test_audit_sprint5" name="test_audit_log_redacts_sensitive_details" time="0.048" /><testcase classname="tests.test_audit_sprint5" name="test_audit_export_formats_include_signatures" time="0.042" /><testcase classname="tests.test_audit_sprint5" name="test_audit_cef_formatter_produces_cef_like_record" time="0.043" /><testcase classname="tests.test_audit_sprint5" name="test_audit_signing_key_can_be_cleared_from_cache" time="0.001" /><testcase classname="tests.test_audit_sprint5" name="test_audit_event_categories_are_logged_via_event_bus" time="0.057" /><testcase classname="tests.test_audit_sprint5" name="test_audit_entry_has_required_structured_fields_and_hashes_personal_data" time="0.041" /><testcase classname="tests.test_audit_sprint5" name="test_audit_entries_can_be_reconstructed_in_chronological_order" time="0.044" /><testcase classname="tests.test_audit_sprint5" name="test_audit_log_rotation_archives_old_entries" time="0.044" /><testcase classname="tests.test_audit_sprint5" name="test_audit_tampering_detection_writes_separate_security_log" time="0.043" /><testcase classname="tests.test_audit_sprint5" name="test_audit_recent_verification_uses_configured_recent_limit" time="0.046" /><testcase classname="tests.test_audit_sprint5" name="test_audit_export_manager_encrypts_sensitive_payload" time="0.044" /><testcase classname="tests.test_audit_sprint5" name="test_scheduled_export_and_retention_cleanup" time="0.047" /><testcase classname="tests.test_audit_sprint5" name="test_audit_non_critical_events_are_subscribed_async" time="0.041" /><testcase classname="tests.test_audit_sprint5" name="test_audit_logging_average_under_10ms" time="0.348" /><testcase classname="tests.test_audit_sprint5" name="test_audit_verify_1000_entries_under_1s" time="1.116" /><testcase classname="tests.test_audit_sprint5" name="test_audit_query_10000_entries_under_500ms_and_page_memory_under_50mb" time="9.657" /><testcase classname="tests.test_audit_validation_sprint5" name="test_integrity_1000_entries_detects_database_tampering" time="1.114" /><testcase classname="tests.test_audit_validation_sprint5" name="test_performance_10000_events_measures_throughput_and_verification" time="9.717" /><testcase classname="tests.test_audit_validation_sprint5" name="test_export_import_signed_json_with_independent_verifier" time="0.103" /><testcase classname="tests.test_audit_validation_sprint5" name="test_failure_recovery_database_corruption_reports_options" time="0.040" /><testcase classname="tests.test_audit_validation_sprint5" name="test_security_attempts_are_logged_and_sql_injection_is_blocked" time="0.043" /><testcase classname="tests.test_audit_validation_sprint5" name="test_audit_log_is_append_only_without_bypass" time="0.039" /><testcase classname="tests.test_audit_validation_sprint5" name="test_forward_security_uses_distinct_entry_public_keys" time="0.046" /><testcase classname="tests.test_audit_validation_sprint5" name="test_disable_logging_attempt_is_logged_and_blocked" time="0.040" /><testcase classname="tests.test_audit_validation_sprint5" name="test_import_signed_json_publishes_audit_import_event" time="0.121" /><testcase classname="tests.test_auth_integration" name="test_login_flow" time="0.262" /><testcase classname="tests.test_authentication_extended" name="test_validate_password_strength_rejects_weak_variants" time="0.002" /><testcase classname="tests.test_authentication_extended" name="test_validate_password_strength_accepts_strong_password" time="0.001" /><testcase classname="tests.test_authentication_extended" name="test_authentication_failure_publishes_event_and_increments_attempts" time="0.217" /><testcase classname="tests.test_authentication_extended" name="test_authentication_touch_and_auto_lock_flow" time="0.174" /><testcase classname="tests.test_authentication_extended" name="test_authentication_focus_and_minimize_hooks_respect_cache_flags" time="0.174" /><testcase classname="tests.test_authentication_extended" name="test_authentication_check_auto_lock_uses_activity_monitor" time="0.176" /><testcase classname="tests.test_authentication_extended" name="test_authentication_activate_panic_mode_publishes_event" time="0.172" /><testcase classname="tests.test_bitwarden_direct_import" name="test_bitwarden_direct_import_requires_session" time="0.002" /><testcase classname="tests.test_bitwarden_direct_import" name="test_bitwarden_direct_import_converts_and_invokes_cli" time="0.001" /><testcase classname="tests.test_clipboard_perfomance" name="test_sec1_clipboard_secret_is_not_written_to_database_file" time="0.010" /><testcase classname="tests.test_clipboard_perfomance" name="test_sec2_service_does_not_expose_expected_plaintext_value" time="0.001" /><testcase classname="tests.test_clipboard_perfomance" name="test_sec3_clipboard_clears_immediately_on_lock" time="0.001" /><testcase classname="tests.test_clipboard_perfomance" name="test_sec4_rejects_empty_clipboard_value" time="0.001" /><testcase classname="tests.test_clipboard_perfomance" name="test_sec4_sanitizes_null_bytes" time="0.001" /><testcase classname="tests.test_clipboard_perfomance" name="test_sec4_validates_totp_format" time="0.001" /><testcase classname="tests.test_clipboard_perfomance" name="test_sec4_validates_encrypted_blob_must_be_bytes" time="0.001" /><testcase classname="tests.test_clipboard_units" name="test_clipboard_service_copy_schedule_and_clear" time="0.001" /><testcase classname="tests.test_clipboard_units" name="test_clipboard_service_validates_totp_and_blob" time="0.001" /><testcase classname="tests.test_clipboard_units" name="test_clipboard_service_blocks_and_handles_suspicious_activity" time="0.001" /><testcase classname="tests.test_clipboard_units" name="test_clipboard_settings_normalization_and_repository_roundtrip" time="0.177" /><testcase classname="tests.test_clipboard_units" name="test_clipboard_settings_repository_falls_back_on_invalid_payload" time="0.177" /><testcase classname="tests.test_clipboard_units" name="test_normalize_application_id_keeps_executable_name" time="0.001" /><testcase classname="tests.test_clipboard_units" name="test_clipboard_monitor_reports_only_unexpected_external_change" time="0.001" /><testcase classname="tests.test_crud_integration_100_entries" name="test_crud_integration_100_entries" time="0.989" /><testcase classname="tests.test_crypto" name="test_encrypt_decrypt_roundtrip" time="0.001" /><testcase classname="tests.test_database" name="test_db_schema_exists" time="0.037" /><testcase classname="tests.test_encryption_cycle" name="test_encrypt_decrypt_cycle_integrity_and_no_plaintext" time="0.182" /><testcase classname="tests.test_events" name="test_event_bus_publish_calls_handler" time="0.001" /><testcase classname="tests.test_first_run" name="test_first_run_flow_creates_db" time="0.044" /><testcase classname="tests.test_for_4sprint.test_clipboard_memory_security" name="test_clipboard_password_not_found_in_plaintext_process_memory" time="0.001"><skipped type="pytest.skip" message="Process memory dump test uses /proc/&lt;pid&gt;/mem">C:\Users\xanfa\PycharmProjects\cryptosafe-manager\tests\test_for_4sprint\test_clipboard_memory_security.py:88: Process memory dump test uses /proc/&lt;pid&gt;/mem</skipped></testcase><testcase classname="tests.test_for_4sprint.test_clipboard_validation" name="test_test1_auto_clear_timing_within_100ms" time="1.007" /><testcase classname="tests.test_for_4sprint.test_clipboard_validation" name="test_test2_platform_environment_is_supported" time="0.001" /><testcase classname="tests.test_for_4sprint.test_clipboard_validation" name="test_test4_multiple_rapid_copy_operations_do_not_leak_previous_values" time="0.016" /><testcase classname="tests.test_for_4sprint.test_clipboard_validation" name="test_test5_application_crash_during_clipboard_operation_does_not_leave_secret" time="0.308" /><testcase classname="tests.test_for_6sprint.test_import_export_validation_sprint6" name="test_round_trip_export_import_all_formats_preserves_core_data" time="0.546" /><testcase classname="tests.test_for_6sprint.test_import_export_validation_sprint6" name="test_interoperability_import_and_export_for_bitwarden_and_lastpass" time="0.298" /><testcase classname="tests.test_for_6sprint.test_import_export_validation_sprint6" name="test_sharing_security_all_methods_detect_tampering" time="0.266" /><testcase classname="tests.test_for_6sprint.test_import_export_validation_sprint6" name="test_qr_camera_style_round_trip_for_1kb_payload" time="0.954" /><testcase classname="tests.test_for_6sprint.test_import_export_validation_sprint6" name="test_import_export_performance_1000_entries_measures_time_and_memory" time="12.936" /><testcase classname="tests.test_import_export_sprint6" name="test_native_encrypted_json_format_matches_required_structure" time="0.227" /><testcase classname="tests.test_import_export_sprint6" name="test_full_vault_export_uses_separate_encryption_key" time="0.215" /><testcase classname="tests.test_import_export_sprint6" name="test_selective_export_contains_only_requested_entries" time="0.230" /><testcase classname="tests.test_import_export_sprint6" name="test_import_validates_and_sanitizes_entries" time="0.168" /><testcase classname="tests.test_import_export_sprint6" name="test_import_rejects_invalid_url" time="0.168" /><testcase classname="tests.test_import_export_sprint6" name="test_secure_sharing_round_trip" time="0.183" /><testcase classname="tests.test_import_export_sprint6" name="test_password_shared_entry_supports_preview_without_vault_write" time="0.253" /><testcase classname="tests.test_import_export_sprint6" name="test_shared_entry_format_uses_plaintext_metadata_and_minimal_entry_fields" time="0.207" /><testcase classname="tests.test_import_export_sprint6" name="test_csv_format_supports_metadata_header_and_round_trip" time="0.173" /><testcase classname="tests.test_import_export_sprint6" name="test_shared_entry_metadata_expiration_and_share_link" time="0.208" /><testcase classname="tests.test_import_export_sprint6" name="test_shared_entry_enforces_expiration_bounds_and_expiry" time="0.252" /><testcase classname="tests.test_import_export_sprint6" name="test_export_supports_password_mode_and_gzip_and_field_exclusion" time="0.296" /><testcase classname="tests.test_import_export_sprint6" name="test_password_manager_json_export_and_audit_logging" time="0.241" /><testcase classname="tests.test_import_export_sprint6" name="test_export_rejects_missing_master_confirmation" time="0.169" /><testcase classname="tests.test_import_export_sprint6" name="test_password_based_sharing_uses_pbkdf2_100000_and_random_salt" time="0.252" /><testcase classname="tests.test_import_export_sprint6" name="test_public_key_sharing_supports_rsa_oaep_and_sender_public_key" time="0.302" /><testcase classname="tests.test_import_export_sprint6" name="test_public_key_sharing_ecies_has_ephemeral_key_and_signature" time="0.186" /><testcase classname="tests.test_import_export_sprint6" name="test_tamper_evidence_is_verified_before_payload_decryption" time="0.263" /><testcase classname="tests.test_import_export_sprint6" name="test_native_encrypted_json_matches_required_structure" time="0.212" /><testcase classname="tests.test_import_export_sprint6" name="test_csv_export_includes_optional_metadata_header_and_handles_line_breaks" time="0.174" /><testcase classname="tests.test_import_export_sprint6" name="test_import_supports_dry_run_without_committing" time="0.222" /><testcase classname="tests.test_import_export_sprint6" name="test_import_merge_updates_duplicates_and_replace_clears_vault" time="0.248" /><testcase classname="tests.test_import_export_sprint6" name="test_import_supports_bitwarden_json_and_lastpass_csv" time="0.268" /><testcase classname="tests.test_import_export_sprint6" name="test_bitwarden_encrypted_json_export_does_not_expose_plaintext" time="0.868" /><testcase classname="tests.test_import_export_sprint6" name="test_bitwarden_encrypted_json_requires_password_mode" time="0.171" /><testcase classname="tests.test_import_export_sprint6" name="test_import_supports_direct_bitwarden_json_and_lastpass_csv" time="0.168" /><testcase classname="tests.test_import_export_sprint6" name="test_query_based_selective_export_uses_vault_service_matches" time="0.232" /><testcase classname="tests.test_import_export_sprint6" name="test_audit_logs_vault_import_and_share_events" time="0.172" /><testcase classname="tests.test_import_export_sprint6" name="test_import_enforces_size_limit_and_validates_package_before_decrypt" time="0.165" /><testcase classname="tests.test_import_export_sprint6" name="test_import_timeout_and_script_sanitization" time="0.222" /><testcase classname="tests.test_import_export_sprint6" name="test_export_and_import_wipe_sensitive_buffers" time="0.269" /><testcase classname="tests.test_key_derivation" name="test_argon2_different_valid_params_produce_valid_hashes" time="0.851" /><testcase classname="tests.test_key_derivation" name="test_pbkdf2_consistency_100_times" time="3.923" /><testcase classname="tests.test_key_derivation" name="test_compare_digest_timing_regression" time="1.170" /><testcase classname="tests.test_key_derivation" name="test_secure_cache_clear_zeroizes_underlying_bytearray" time="0.001" /><testcase classname="tests.test_key_exchange_extended" name="test_key_exchange_x25519_encrypts_and_decrypts_roundtrip" time="0.002" /><testcase classname="tests.test_key_exchange_extended" name="test_key_exchange_wrap_unwrap_key_roundtrip[x25519]" time="0.001" /><testcase classname="tests.test_key_exchange_extended" name="test_key_exchange_wrap_unwrap_key_roundtrip[p256]" time="0.002" /><testcase classname="tests.test_key_exchange_extended" name="test_key_exchange_wrap_unwrap_key_roundtrip[rsa2048]" time="0.059" /><testcase classname="tests.test_key_exchange_extended" name="test_key_exchange_database_contacts_and_rotation" time="0.086" /><testcase classname="tests.test_key_exchange_extended" name="test_key_exchange_from_database_reuses_persisted_identity" time="0.049" /><testcase classname="tests.test_key_exchange_extended" name="test_key_exchange_sign_and_verify_for_p256_and_rsa" time="0.044" /><testcase classname="tests.test_key_exchange_extended" name="test_key_exchange_sign_rejects_unsupported_algorithm" time="0.001" /><testcase classname="tests.test_password_generator_10000" name="test_password_generator_10000_passwords" time="2.516" /><testcase classname="tests.test_password_generator_extended" name="test_password_generator_rejects_invalid_configuration" time="0.001" /><testcase classname="tests.test_password_generator_extended" name="test_password_generator_excludes_ambiguous_and_tracks_history" time="0.001" /><testcase classname="tests.test_password_generator_extended" name="test_password_generator_strength_helpers_detect_patterns" time="0.001" /><testcase classname="tests.test_password_generator_extended" name="test_secure_key_cache_focus_and_minimize_clear" time="0.001" /><testcase classname="tests.test_password_generator_extended" name="test_os_keyring_store_uses_backend" time="0.001" /><testcase classname="tests.test_password_rotation" name="test_password_rotation_reencrypts_10_entries_and_new_password_opens_them" time="1.515" /><testcase classname="tests.test_performance" name="test_perf_load_1000_entries_under_2_seconds" time="7.140" /><testcase classname="tests.test_performance" name="test_perf_search_1000_entries_under_200ms" time="5.475" /><testcase classname="tests.test_performance" name="test_perf_memory_under_50mb_for_1000_loaded_entries" time="5.743" /><testcase classname="tests.test_secure_cache" name="test_cache_clear_zeroizes_memory" time="0.002" /></testsuite></testsuites>